<?xml version="1.0" encoding="UTF-8"?>
<!-- Generated by org.testng.reporters.JUnitReportReporter -->
<testsuite hostname="MacBook-Air-Balyberdin.local" failures="0" tests="1" name="FirstTest" time="0.007" errors="0" timestamp="2023-03-31T05:38:17 TRT" skipped="0">
  <testcase classname="FirstTest" name="TestFirst" time="0.007"/>
  <system-out/>
</testsuite> <!-- FirstTest -->
